{"/home/pi/Programs/cs4353/backend/src/handlers/authHandler.js": {"path":"/home/pi/Programs/cs4353/backend/src/handlers/authHandler.js","statementMap":{"0":{"start":{"line":2,"column":14},"end":{"line":8,"column":1}},"1":{"start":{"line":10,"column":27},"end":{"line":32,"column":1}},"2":{"start":{"line":11,"column":30},"end":{"line":11,"column":38}},"3":{"start":{"line":13,"column":15},"end":{"line":13,"column":27}},"4":{"start":{"line":14,"column":2},"end":{"line":18,"column":3}},"5":{"start":{"line":15,"column":4},"end":{"line":15,"column":19}},"6":{"start":{"line":16,"column":4},"end":{"line":16,"column":55}},"7":{"start":{"line":17,"column":4},"end":{"line":17,"column":11}},"8":{"start":{"line":20,"column":2},"end":{"line":24,"column":3}},"9":{"start":{"line":21,"column":4},"end":{"line":21,"column":19}},"10":{"start":{"line":22,"column":4},"end":{"line":22,"column":55}},"11":{"start":{"line":23,"column":4},"end":{"line":23,"column":11}},"12":{"start":{"line":27,"column":2},"end":{"line":27,"column":21}},"13":{"start":{"line":30,"column":2},"end":{"line":30,"column":17}},"14":{"start":{"line":31,"column":2},"end":{"line":31,"column":44}},"15":{"start":{"line":34,"column":28},"end":{"line":41,"column":1}},"16":{"start":{"line":36,"column":2},"end":{"line":36,"column":23}},"17":{"start":{"line":39,"column":2},"end":{"line":39,"column":17}},"18":{"start":{"line":40,"column":2},"end":{"line":40,"column":45}},"19":{"start":{"line":43,"column":28},"end":{"line":60,"column":1}},"20":{"start":{"line":45,"column":17},"end":{"line":45,"column":25}},"21":{"start":{"line":48,"column":2},"end":{"line":52,"column":3}},"22":{"start":{"line":49,"column":4},"end":{"line":49,"column":19}},"23":{"start":{"line":50,"column":4},"end":{"line":50,"column":51}},"24":{"start":{"line":51,"column":4},"end":{"line":51,"column":11}},"25":{"start":{"line":55,"column":15},"end":{"line":55,"column":28}},"26":{"start":{"line":58,"column":2},"end":{"line":58,"column":17}},"27":{"start":{"line":59,"column":2},"end":{"line":59,"column":17}}},"fnMap":{"0":{"name":"(anonymous_0)","decl":{"start":{"line":10,"column":27},"end":{"line":10,"column":28}},"loc":{"start":{"line":10,"column":47},"end":{"line":32,"column":1}},"line":10},"1":{"name":"(anonymous_1)","decl":{"start":{"line":34,"column":28},"end":{"line":34,"column":29}},"loc":{"start":{"line":34,"column":48},"end":{"line":41,"column":1}},"line":34},"2":{"name":"(anonymous_2)","decl":{"start":{"line":43,"column":28},"end":{"line":43,"column":29}},"loc":{"start":{"line":43,"column":48},"end":{"line":60,"column":1}},"line":43}},"branchMap":{"0":{"loc":{"start":{"line":14,"column":2},"end":{"line":18,"column":3}},"type":"if","locations":[{"start":{"line":14,"column":2},"end":{"line":18,"column":3}},{"start":{},"end":{}}],"line":14},"1":{"loc":{"start":{"line":20,"column":2},"end":{"line":24,"column":3}},"type":"if","locations":[{"start":{"line":20,"column":2},"end":{"line":24,"column":3}},{"start":{},"end":{}}],"line":20},"2":{"loc":{"start":{"line":48,"column":2},"end":{"line":52,"column":3}},"type":"if","locations":[{"start":{"line":48,"column":2},"end":{"line":52,"column":3}},{"start":{},"end":{}}],"line":48}},"s":{"0":1,"1":1,"2":3,"3":3,"4":3,"5":1,"6":1,"7":1,"8":2,"9":1,"10":1,"11":1,"12":1,"13":1,"14":1,"15":1,"16":1,"17":1,"18":1,"19":1,"20":2,"21":2,"22":1,"23":1,"24":1,"25":1,"26":1,"27":1},"f":{"0":3,"1":1,"2":2},"b":{"0":[1,2],"1":[1,1],"2":[1,1]},"_coverageSchema":"1a1c01bbd47fc00a2c39e90264f33305004495a9","hash":"1b2113d8c519bcfb6338771b1ccd8f45057390d5"}
,"/home/pi/Programs/cs4353/backend/src/handlers/profileHandler.js": {"path":"/home/pi/Programs/cs4353/backend/src/handlers/profileHandler.js","statementMap":{"0":{"start":{"line":2,"column":17},"end":{"line":2,"column":19}},"1":{"start":{"line":5,"column":0},"end":{"line":12,"column":2}},"2":{"start":{"line":14,"column":35},"end":{"line":80,"column":1}},"3":{"start":{"line":15,"column":2},"end":{"line":79,"column":3}},"4":{"start":{"line":17,"column":19},"end":{"line":17,"column":34}},"5":{"start":{"line":19,"column":4},"end":{"line":22,"column":5}},"6":{"start":{"line":20,"column":6},"end":{"line":20,"column":21}},"7":{"start":{"line":21,"column":6},"end":{"line":21,"column":66}},"8":{"start":{"line":25,"column":28},"end":{"line":25,"column":48}},"9":{"start":{"line":28,"column":4},"end":{"line":37,"column":5}},"10":{"start":{"line":29,"column":6},"end":{"line":36,"column":8}},"11":{"start":{"line":39,"column":4},"end":{"line":39,"column":20}},"12":{"start":{"line":40,"column":4},"end":{"line":40,"column":58}},"13":{"start":{"line":41,"column":4},"end":{"line":41,"column":20}},"14":{"start":{"line":42,"column":4},"end":{"line":42,"column":42}},"15":{"start":{"line":43,"column":4},"end":{"line":43,"column":36}},"16":{"start":{"line":46,"column":4},"end":{"line":49,"column":5}},"17":{"start":{"line":47,"column":6},"end":{"line":47,"column":51}},"18":{"start":{"line":48,"column":6},"end":{"line":48,"column":57}},"19":{"start":{"line":50,"column":4},"end":{"line":53,"column":5}},"20":{"start":{"line":51,"column":6},"end":{"line":51,"column":65}},"21":{"start":{"line":52,"column":6},"end":{"line":52,"column":71}},"22":{"start":{"line":54,"column":4},"end":{"line":57,"column":5}},"23":{"start":{"line":55,"column":6},"end":{"line":55,"column":63}},"24":{"start":{"line":56,"column":6},"end":{"line":56,"column":69}},"25":{"start":{"line":58,"column":4},"end":{"line":61,"column":5}},"26":{"start":{"line":59,"column":6},"end":{"line":59,"column":51}},"27":{"start":{"line":60,"column":6},"end":{"line":60,"column":57}},"28":{"start":{"line":62,"column":4},"end":{"line":65,"column":5}},"29":{"start":{"line":63,"column":6},"end":{"line":63,"column":53}},"30":{"start":{"line":64,"column":6},"end":{"line":64,"column":59}},"31":{"start":{"line":66,"column":4},"end":{"line":69,"column":5}},"32":{"start":{"line":67,"column":6},"end":{"line":67,"column":57}},"33":{"start":{"line":68,"column":6},"end":{"line":68,"column":63}},"34":{"start":{"line":70,"column":4},"end":{"line":70,"column":20}},"35":{"start":{"line":71,"column":4},"end":{"line":71,"column":58}},"36":{"start":{"line":74,"column":4},"end":{"line":74,"column":19}},"37":{"start":{"line":75,"column":4},"end":{"line":75,"column":58}},"38":{"start":{"line":77,"column":4},"end":{"line":77,"column":19}},"39":{"start":{"line":78,"column":4},"end":{"line":78,"column":50}}},"fnMap":{"0":{"name":"(anonymous_0)","decl":{"start":{"line":14,"column":35},"end":{"line":14,"column":36}},"loc":{"start":{"line":14,"column":55},"end":{"line":80,"column":1}},"line":14}},"branchMap":{"0":{"loc":{"start":{"line":19,"column":4},"end":{"line":22,"column":5}},"type":"if","locations":[{"start":{"line":19,"column":4},"end":{"line":22,"column":5}},{"start":{},"end":{}}],"line":19},"1":{"loc":{"start":{"line":28,"column":4},"end":{"line":37,"column":5}},"type":"if","locations":[{"start":{"line":28,"column":4},"end":{"line":37,"column":5}},{"start":{},"end":{}}],"line":28},"2":{"loc":{"start":{"line":46,"column":4},"end":{"line":49,"column":5}},"type":"if","locations":[{"start":{"line":46,"column":4},"end":{"line":49,"column":5}},{"start":{},"end":{}}],"line":46},"3":{"loc":{"start":{"line":50,"column":4},"end":{"line":53,"column":5}},"type":"if","locations":[{"start":{"line":50,"column":4},"end":{"line":53,"column":5}},{"start":{},"end":{}}],"line":50},"4":{"loc":{"start":{"line":54,"column":4},"end":{"line":57,"column":5}},"type":"if","locations":[{"start":{"line":54,"column":4},"end":{"line":57,"column":5}},{"start":{},"end":{}}],"line":54},"5":{"loc":{"start":{"line":58,"column":4},"end":{"line":61,"column":5}},"type":"if","locations":[{"start":{"line":58,"column":4},"end":{"line":61,"column":5}},{"start":{},"end":{}}],"line":58},"6":{"loc":{"start":{"line":62,"column":4},"end":{"line":65,"column":5}},"type":"if","locations":[{"start":{"line":62,"column":4},"end":{"line":65,"column":5}},{"start":{},"end":{}}],"line":62},"7":{"loc":{"start":{"line":66,"column":4},"end":{"line":69,"column":5}},"type":"if","locations":[{"start":{"line":66,"column":4},"end":{"line":69,"column":5}},{"start":{},"end":{}}],"line":66}},"s":{"0":1,"1":1,"2":1,"3":2,"4":2,"5":2,"6":1,"7":1,"8":2,"9":2,"10":2,"11":2,"12":2,"13":2,"14":2,"15":2,"16":2,"17":2,"18":2,"19":2,"20":2,"21":2,"22":2,"23":2,"24":2,"25":2,"26":2,"27":2,"28":2,"29":2,"30":2,"31":2,"32":2,"33":2,"34":2,"35":2,"36":2,"37":2,"38":0,"39":0},"f":{"0":2},"b":{"0":[1,1],"1":[2,0],"2":[2,0],"3":[2,0],"4":[2,0],"5":[2,0],"6":[2,0],"7":[2,0]},"_coverageSchema":"1a1c01bbd47fc00a2c39e90264f33305004495a9","hash":"a79e64d75c5f1b8ad641e4bd18a4e120b2b25bcb"}
,"/home/pi/Programs/cs4353/backend/src/handlers/quotesHandler.js": {"path":"/home/pi/Programs/cs4353/backend/src/handlers/quotesHandler.js","statementMap":{"0":{"start":{"line":2,"column":15},"end":{"line":2,"column":17}},"1":{"start":{"line":4,"column":30},"end":{"line":14,"column":1}},"2":{"start":{"line":6,"column":20},"end":{"line":6,"column":28}},"3":{"start":{"line":9,"column":2},"end":{"line":9,"column":25}},"4":{"start":{"line":12,"column":2},"end":{"line":12,"column":17}},"5":{"start":{"line":13,"column":2},"end":{"line":13,"column":50}},"6":{"start":{"line":16,"column":32},"end":{"line":20,"column":1}},"7":{"start":{"line":18,"column":2},"end":{"line":18,"column":17}},"8":{"start":{"line":19,"column":2},"end":{"line":19,"column":19}}},"fnMap":{"0":{"name":"(anonymous_0)","decl":{"start":{"line":4,"column":30},"end":{"line":4,"column":31}},"loc":{"start":{"line":4,"column":50},"end":{"line":14,"column":1}},"line":4},"1":{"name":"(anonymous_1)","decl":{"start":{"line":16,"column":32},"end":{"line":16,"column":33}},"loc":{"start":{"line":16,"column":52},"end":{"line":20,"column":1}},"line":16}},"branchMap":{},"s":{"0":1,"1":1,"2":1,"3":1,"4":1,"5":1,"6":1,"7":2,"8":2},"f":{"0":1,"1":2},"b":{},"_coverageSchema":"1a1c01bbd47fc00a2c39e90264f33305004495a9","hash":"583446aa32d4d1e453424cb91de1d10c00e5f0bf"}
}
