{"/home/pi/Programs/cs4353/backend/src/handlers/profileHandler.js": {"path":"/home/pi/Programs/cs4353/backend/src/handlers/profileHandler.js","statementMap":{"0":{"start":{"line":2,"column":17},"end":{"line":2,"column":19}},"1":{"start":{"line":5,"column":0},"end":{"line":12,"column":2}},"2":{"start":{"line":14,"column":35},"end":{"line":81,"column":1}},"3":{"start":{"line":15,"column":2},"end":{"line":80,"column":3}},"4":{"start":{"line":17,"column":19},"end":{"line":17,"column":34}},"5":{"start":{"line":19,"column":4},"end":{"line":23,"column":5}},"6":{"start":{"line":20,"column":6},"end":{"line":20,"column":22}},"7":{"start":{"line":21,"column":6},"end":{"line":21,"column":66}},"8":{"start":{"line":22,"column":6},"end":{"line":22,"column":13}},"9":{"start":{"line":26,"column":28},"end":{"line":26,"column":48}},"10":{"start":{"line":29,"column":4},"end":{"line":38,"column":5}},"11":{"start":{"line":30,"column":6},"end":{"line":37,"column":8}},"12":{"start":{"line":40,"column":4},"end":{"line":40,"column":20}},"13":{"start":{"line":41,"column":4},"end":{"line":41,"column":58}},"14":{"start":{"line":42,"column":4},"end":{"line":42,"column":20}},"15":{"start":{"line":43,"column":4},"end":{"line":43,"column":42}},"16":{"start":{"line":44,"column":4},"end":{"line":44,"column":36}},"17":{"start":{"line":47,"column":4},"end":{"line":50,"column":5}},"18":{"start":{"line":48,"column":6},"end":{"line":48,"column":51}},"19":{"start":{"line":49,"column":6},"end":{"line":49,"column":57}},"20":{"start":{"line":51,"column":4},"end":{"line":54,"column":5}},"21":{"start":{"line":52,"column":6},"end":{"line":52,"column":65}},"22":{"start":{"line":53,"column":6},"end":{"line":53,"column":71}},"23":{"start":{"line":55,"column":4},"end":{"line":58,"column":5}},"24":{"start":{"line":56,"column":6},"end":{"line":56,"column":63}},"25":{"start":{"line":57,"column":6},"end":{"line":57,"column":69}},"26":{"start":{"line":59,"column":4},"end":{"line":62,"column":5}},"27":{"start":{"line":60,"column":6},"end":{"line":60,"column":51}},"28":{"start":{"line":61,"column":6},"end":{"line":61,"column":57}},"29":{"start":{"line":63,"column":4},"end":{"line":66,"column":5}},"30":{"start":{"line":64,"column":6},"end":{"line":64,"column":53}},"31":{"start":{"line":65,"column":6},"end":{"line":65,"column":59}},"32":{"start":{"line":67,"column":4},"end":{"line":70,"column":5}},"33":{"start":{"line":68,"column":6},"end":{"line":68,"column":57}},"34":{"start":{"line":69,"column":6},"end":{"line":69,"column":63}},"35":{"start":{"line":71,"column":4},"end":{"line":71,"column":20}},"36":{"start":{"line":72,"column":4},"end":{"line":72,"column":58}},"37":{"start":{"line":75,"column":4},"end":{"line":75,"column":20}},"38":{"start":{"line":76,"column":4},"end":{"line":76,"column":58}},"39":{"start":{"line":78,"column":4},"end":{"line":78,"column":20}},"40":{"start":{"line":79,"column":4},"end":{"line":79,"column":50}},"41":{"start":{"line":83,"column":32},"end":{"line":95,"column":1}},"42":{"start":{"line":84,"column":17},"end":{"line":84,"column":32}},"43":{"start":{"line":86,"column":2},"end":{"line":90,"column":3}},"44":{"start":{"line":87,"column":4},"end":{"line":87,"column":20}},"45":{"start":{"line":88,"column":4},"end":{"line":88,"column":51}},"46":{"start":{"line":89,"column":4},"end":{"line":89,"column":11}},"47":{"start":{"line":93,"column":2},"end":{"line":93,"column":18}},"48":{"start":{"line":94,"column":2},"end":{"line":94,"column":29}}},"fnMap":{"0":{"name":"(anonymous_0)","decl":{"start":{"line":14,"column":35},"end":{"line":14,"column":36}},"loc":{"start":{"line":14,"column":55},"end":{"line":81,"column":1}},"line":14},"1":{"name":"(anonymous_1)","decl":{"start":{"line":83,"column":32},"end":{"line":83,"column":33}},"loc":{"start":{"line":83,"column":52},"end":{"line":95,"column":1}},"line":83}},"branchMap":{"0":{"loc":{"start":{"line":19,"column":4},"end":{"line":23,"column":5}},"type":"if","locations":[{"start":{"line":19,"column":4},"end":{"line":23,"column":5}},{"start":{},"end":{}}],"line":19},"1":{"loc":{"start":{"line":29,"column":4},"end":{"line":38,"column":5}},"type":"if","locations":[{"start":{"line":29,"column":4},"end":{"line":38,"column":5}},{"start":{},"end":{}}],"line":29},"2":{"loc":{"start":{"line":47,"column":4},"end":{"line":50,"column":5}},"type":"if","locations":[{"start":{"line":47,"column":4},"end":{"line":50,"column":5}},{"start":{},"end":{}}],"line":47},"3":{"loc":{"start":{"line":51,"column":4},"end":{"line":54,"column":5}},"type":"if","locations":[{"start":{"line":51,"column":4},"end":{"line":54,"column":5}},{"start":{},"end":{}}],"line":51},"4":{"loc":{"start":{"line":55,"column":4},"end":{"line":58,"column":5}},"type":"if","locations":[{"start":{"line":55,"column":4},"end":{"line":58,"column":5}},{"start":{},"end":{}}],"line":55},"5":{"loc":{"start":{"line":59,"column":4},"end":{"line":62,"column":5}},"type":"if","locations":[{"start":{"line":59,"column":4},"end":{"line":62,"column":5}},{"start":{},"end":{}}],"line":59},"6":{"loc":{"start":{"line":63,"column":4},"end":{"line":66,"column":5}},"type":"if","locations":[{"start":{"line":63,"column":4},"end":{"line":66,"column":5}},{"start":{},"end":{}}],"line":63},"7":{"loc":{"start":{"line":67,"column":4},"end":{"line":70,"column":5}},"type":"if","locations":[{"start":{"line":67,"column":4},"end":{"line":70,"column":5}},{"start":{},"end":{}}],"line":67},"8":{"loc":{"start":{"line":86,"column":2},"end":{"line":90,"column":3}},"type":"if","locations":[{"start":{"line":86,"column":2},"end":{"line":90,"column":3}},{"start":{},"end":{}}],"line":86},"9":{"loc":{"start":{"line":86,"column":6},"end":{"line":86,"column":34}},"type":"binary-expr","locations":[{"start":{"line":86,"column":6},"end":{"line":86,"column":13}},{"start":{"line":86,"column":17},"end":{"line":86,"column":34}}],"line":86}},"s":{"0":1,"1":1,"2":1,"3":2,"4":2,"5":2,"6":1,"7":1,"8":1,"9":1,"10":1,"11":1,"12":1,"13":1,"14":1,"15":1,"16":1,"17":1,"18":1,"19":1,"20":1,"21":1,"22":1,"23":1,"24":1,"25":1,"26":1,"27":1,"28":1,"29":1,"30":1,"31":1,"32":1,"33":1,"34":1,"35":1,"36":1,"37":1,"38":1,"39":0,"40":0,"41":1,"42":2,"43":2,"44":1,"45":1,"46":1,"47":1,"48":1},"f":{"0":2,"1":2},"b":{"0":[1,1],"1":[1,0],"2":[1,0],"3":[1,0],"4":[1,0],"5":[1,0],"6":[1,0],"7":[1,0],"8":[1,1],"9":[2,1]},"_coverageSchema":"1a1c01bbd47fc00a2c39e90264f33305004495a9","hash":"b46af8121f8c462f2fc5420c23bf20685af6edd4"}
}
