TN:
SF:src/db.js
FN:13,(anonymous_0)
FNF:1
FNH:0
FNDA:0,(anonymous_0)
DA:3,12
DA:13,12
DA:14,0
DA:16,0
LF:4
LH:2
BRF:0
BRH:0
end_of_record
TN:
SF:src/controllers/loginController.js
FN:4,(anonymous_0)
FN:20,(anonymous_1)
FNF:2
FNH:2
FNDA:3,(anonymous_0)
FNDA:4,(anonymous_1)
DA:4,2
DA:5,3
DA:6,3
DA:8,3
DA:10,1
DA:12,2
DA:13,1
DA:16,1
DA:20,2
DA:21,4
DA:22,4
DA:25,3
DA:26,1
DA:29,2
DA:31,2
DA:32,1
DA:35,1
DA:37,1
LF:18
LH:18
BRDA:12,0,0,1
BRDA:12,0,1,1
BRDA:25,1,0,1
BRDA:25,1,1,2
BRDA:31,2,0,1
BRDA:31,2,1,1
BRF:6
BRH:6
end_of_record
TN:
SF:src/controllers/pricingController.js
FN:8,(anonymous_0)
FN:18,(anonymous_1)
FN:28,(anonymous_2)
FN:36,(anonymous_3)
FN:48,(anonymous_4)
FN:65,(anonymous_5)
FNF:6
FNH:6
FNDA:16,(anonymous_0)
FNDA:16,(anonymous_1)
FNDA:16,(anonymous_2)
FNDA:14,(anonymous_3)
FNDA:9,(anonymous_4)
FNDA:3,(anonymous_5)
DA:5,2
DA:6,2
DA:8,2
DA:9,16
DA:11,16
DA:12,8
DA:15,8
DA:18,2
DA:19,16
DA:21,16
DA:22,9
DA:25,7
DA:28,2
DA:29,16
DA:30,9
DA:33,7
DA:36,2
DA:37,14
DA:38,14
DA:39,14
DA:43,14
DA:45,14
DA:48,2
DA:49,9
DA:51,9
DA:53,9
DA:54,3
DA:57,6
DA:59,6
DA:61,3
DA:65,2
DA:66,3
LF:32
LH:32
BRDA:11,0,0,8
BRDA:11,0,1,8
BRDA:21,1,0,9
BRDA:21,1,1,7
BRDA:29,2,0,9
BRDA:29,2,1,7
BRDA:53,3,0,3
BRDA:53,3,1,6
BRF:8
BRH:8
end_of_record
TN:
SF:src/controllers/profileController.js
FN:9,(anonymous_0)
FN:23,(anonymous_1)
FN:35,(anonymous_2)
FNF:3
FNH:3
FNDA:3,(anonymous_0)
FNDA:2,(anonymous_1)
FNDA:2,(anonymous_2)
DA:9,2
DA:10,3
DA:11,3
DA:13,2
DA:14,1
DA:17,1
DA:19,1
DA:23,2
DA:24,2
DA:25,2
DA:26,1
DA:29,1
DA:31,1
DA:35,2
DA:36,2
DA:37,2
DA:38,1
DA:41,1
DA:43,1
LF:19
LH:19
BRDA:13,0,0,1
BRDA:13,0,1,1
BRDA:25,1,0,1
BRDA:25,1,1,1
BRDA:37,2,0,1
BRDA:37,2,1,1
BRF:6
BRH:6
end_of_record
TN:
SF:src/controllers/quotesController.js
FN:10,(anonymous_0)
FN:30,(anonymous_1)
FN:44,(anonymous_2)
FN:53,(anonymous_3)
FNF:4
FNH:4
FNDA:2,(anonymous_0)
FNDA:3,(anonymous_1)
FNDA:2,(anonymous_2)
FNDA:2,(anonymous_3)
DA:10,2
DA:11,2
DA:13,2
DA:15,2
DA:16,1
DA:19,1
DA:22,1
DA:24,1
DA:26,1
DA:30,2
DA:31,3
DA:32,3
DA:34,2
DA:35,1
DA:38,1
DA:40,1
DA:44,2
DA:45,2
DA:46,2
DA:48,2
DA:49,1
DA:53,1
DA:54,2
DA:63,1
DA:65,1
LF:25
LH:25
BRDA:15,0,0,1
BRDA:15,0,1,1
BRDA:34,1,0,1
BRDA:34,1,1,1
BRDA:48,2,0,1
BRDA:48,2,1,1
BRF:6
BRH:6
end_of_record
TN:
SF:src/handlers/loginHandler.js
FN:3,(anonymous_0)
FN:30,(anonymous_1)
FNF:2
FNH:2
FNDA:3,(anonymous_0)
FNDA:2,(anonymous_1)
DA:3,1
DA:4,3
DA:5,3
DA:7,3
DA:9,2
DA:10,1
DA:11,1
DA:16,1
DA:19,1
DA:20,1
DA:25,1
DA:26,1
DA:30,1
DA:31,2
DA:32,2
DA:34,2
DA:36,1
DA:37,1
DA:42,1
DA:43,1
LF:20
LH:20
BRDA:9,0,0,1
BRDA:9,0,1,1
BRF:2
BRH:2
end_of_record
TN:
SF:src/handlers/pricingHandler.js
FN:6,(anonymous_0)
FNF:1
FNH:1
FNDA:4,(anonymous_0)
DA:6,1
DA:7,4
DA:8,4
DA:10,4
DA:11,1
DA:12,1
DA:16,1
DA:19,3
DA:21,3
DA:22,1
DA:23,1
DA:27,1
DA:30,2
DA:31,1
DA:33,1
DA:34,1
DA:40,1
DA:41,1
LF:18
LH:18
BRDA:10,0,0,1
BRDA:10,0,1,3
BRDA:21,1,0,1
BRDA:21,1,1,2
BRF:4
BRH:4
end_of_record
TN:
SF:src/handlers/profileHandler.js
FN:7,(anonymous_0)
FN:42,(anonymous_1)
FNF:2
FNH:2
FNDA:5,(anonymous_0)
FNDA:4,(anonymous_1)
DA:7,1
DA:8,5
DA:9,5
DA:11,5
DA:12,1
DA:13,1
DA:17,1
DA:20,4
DA:22,4
DA:24,2
DA:25,1
DA:27,1
DA:30,2
DA:31,2
DA:35,2
DA:36,2
DA:42,1
DA:43,4
DA:45,4
DA:46,1
DA:47,1
DA:51,1
DA:54,3
DA:55,3
DA:57,2
DA:58,1
DA:59,1
DA:63,1
DA:67,1
DA:68,1
DA:72,1
DA:73,1
LF:32
LH:32
BRDA:11,0,0,1
BRDA:11,0,1,4
BRDA:24,1,0,1
BRDA:24,1,1,1
BRDA:45,2,0,1
BRDA:45,2,1,3
BRDA:57,3,0,1
BRDA:57,3,1,1
BRF:8
BRH:8
end_of_record
TN:
SF:src/handlers/quotesHandler.js
FN:7,(anonymous_0)
FN:37,(anonymous_1)
FN:80,(anonymous_2)
FNF:3
FNH:3
FNDA:3,(anonymous_0)
FNDA:4,(anonymous_1)
FNDA:3,(anonymous_2)
DA:7,1
DA:8,3
DA:9,3
DA:11,3
DA:12,1
DA:13,1
DA:17,1
DA:20,2
DA:22,2
DA:24,1
DA:25,1
DA:30,1
DA:31,1
DA:37,1
DA:38,4
DA:39,4
DA:41,4
DA:42,1
DA:43,1
DA:47,1
DA:50,3
DA:52,3
DA:53,1
DA:54,1
DA:58,1
DA:61,2
DA:63,2
DA:64,1
DA:67,1
DA:68,1
DA:73,1
DA:74,1
DA:80,1
DA:81,3
DA:82,3
DA:84,3
DA:85,1
DA:86,1
DA:90,1
DA:93,2
DA:95,1
DA:96,1
DA:101,1
DA:102,1
LF:44
LH:44
BRDA:11,0,0,1
BRDA:11,0,1,2
BRDA:41,1,0,1
BRDA:41,1,1,3
BRDA:52,2,0,1
BRDA:52,2,1,2
BRDA:63,3,0,1
BRDA:63,3,1,1
BRDA:84,4,0,1
BRDA:84,4,1,2
BRF:10
BRH:10
end_of_record
TN:
SF:src/services/loginService.js
FN:3,(anonymous_0)
FN:20,(anonymous_1)
FNF:2
FNH:2
FNDA:2,(anonymous_0)
FNDA:1,(anonymous_1)
DA:3,3
DA:4,2
DA:15,2
DA:17,2
DA:20,3
DA:21,1
DA:30,1
DA:32,1
LF:8
LH:8
BRDA:17,0,0,2
BRDA:17,0,1,1
BRF:2
BRH:2
end_of_record
TN:
SF:src/services/pricingService.js
FN:3,(anonymous_0)
FN:20,(anonymous_1)
FNF:2
FNH:2
FNDA:1,(anonymous_0)
FNDA:1,(anonymous_1)
DA:3,3
DA:4,1
DA:15,1
DA:17,1
DA:20,3
DA:21,1
DA:32,1
DA:34,1
LF:8
LH:8
BRF:0
BRH:0
end_of_record
TN:
SF:src/services/profileService.js
FN:3,(anonymous_0)
FN:18,(anonymous_1)
FN:32,(anonymous_2)
FN:52,(anonymous_3)
FNF:4
FNH:4
FNDA:1,(anonymous_0)
FNDA:1,(anonymous_1)
FNDA:1,(anonymous_2)
FNDA:1,(anonymous_3)
DA:3,3
DA:4,1
DA:16,1
DA:18,1
DA:19,1
DA:32,3
DA:33,1
DA:49,1
DA:52,3
DA:53,1
DA:77,1
LF:11
LH:11
BRF:0
BRH:0
end_of_record
TN:
SF:src/services/quotesServices.js
FN:3,(anonymous_0)
FN:20,(anonymous_1)
FN:33,(anonymous_2)
FN:55,(anonymous_3)
FN:70,(anonymous_4)
FN:83,(anonymous_5)
FNF:6
FNH:6
FNDA:1,(anonymous_0)
FNDA:1,(anonymous_1)
FNDA:1,(anonymous_2)
FNDA:1,(anonymous_3)
FNDA:2,(anonymous_4)
FNDA:1,(anonymous_5)
DA:3,3
DA:4,1
DA:18,1
DA:20,1
DA:21,1
DA:33,3
DA:34,1
DA:50,1
DA:52,1
DA:55,3
DA:56,1
DA:68,1
DA:70,1
DA:71,2
DA:83,3
DA:84,1
DA:92,1
LF:17
LH:17
BRF:0
BRH:0
end_of_record
TN:
SF:src/utils/hash.js
FN:5,(anonymous_0)
FN:9,(anonymous_1)
FNF:2
FNH:2
FNDA:1,(anonymous_0)
FNDA:1,(anonymous_1)
DA:3,3
DA:5,3
DA:6,1
DA:9,3
DA:10,1
LF:5
LH:5
BRF:0
BRH:0
end_of_record
TN:
SF:src/validators/pricingValidator.js
FN:1,(anonymous_0)
FNF:1
FNH:1
FNDA:12,(anonymous_0)
DA:1,3
DA:2,12
DA:4,8
DA:6,7
LF:4
LH:4
BRDA:2,0,0,4
BRDA:2,0,1,8
BRDA:4,1,0,1
BRDA:4,1,1,7
BRF:4
BRH:4
end_of_record
TN:
SF:src/validators/profileValidator.js
FN:1,(anonymous_0)
FNF:1
FNH:1
FNDA:12,(anonymous_0)
DA:1,3
DA:2,12
DA:3,11
DA:4,8
DA:5,7
DA:6,6
DA:8,5
DA:9,4
DA:11,3
LF:9
LH:9
BRDA:2,0,0,1
BRDA:2,0,1,11
BRDA:3,1,0,3
BRDA:3,1,1,8
BRDA:4,2,0,1
BRDA:4,2,1,7
BRDA:5,3,0,1
BRDA:5,3,1,6
BRDA:6,4,0,1
BRDA:6,4,1,5
BRDA:8,5,0,1
BRDA:8,5,1,4
BRDA:9,6,0,1
BRDA:9,6,1,3
BRF:14
BRH:14
end_of_record
TN:
SF:src/validators/quotesValidator.js
FN:1,(anonymous_0)
FNF:1
FNH:1
FNDA:12,(anonymous_0)
DA:1,3
DA:2,12
DA:3,10
DA:4,9
DA:5,8
DA:6,7
DA:8,6
DA:9,5
DA:10,4
DA:12,3
DA:14,2
LF:11
LH:11
BRDA:2,0,0,2
BRDA:2,0,1,10
BRDA:3,1,0,1
BRDA:3,1,1,9
BRDA:4,2,0,1
BRDA:4,2,1,8
BRDA:5,3,0,1
BRDA:5,3,1,7
BRDA:6,4,0,1
BRDA:6,4,1,6
BRDA:8,5,0,1
BRDA:8,5,1,5
BRDA:9,6,0,1
BRDA:9,6,1,4
BRDA:10,7,0,1
BRDA:10,7,1,3
BRDA:12,8,0,1
BRDA:12,8,1,2
BRF:18
BRH:18
end_of_record
