TN:
SF:src/handlers/authHandler.js
FN:10,(anonymous_0)
FN:34,(anonymous_1)
FN:43,(anonymous_2)
FNF:3
FNH:3
FNDA:3,(anonymous_0)
FNDA:1,(anonymous_1)
FNDA:2,(anonymous_2)
DA:2,1
DA:10,1
DA:11,3
DA:13,3
DA:14,3
DA:15,1
DA:16,1
DA:17,1
DA:20,2
DA:21,1
DA:22,1
DA:23,1
DA:27,1
DA:30,1
DA:31,1
DA:34,1
DA:36,1
DA:39,1
DA:40,1
DA:43,1
DA:45,2
DA:48,2
DA:49,1
DA:50,1
DA:51,1
DA:55,1
DA:58,1
DA:59,1
LF:28
LH:28
BRDA:14,0,0,1
BRDA:14,0,1,2
BRDA:20,1,0,1
BRDA:20,1,1,1
BRDA:48,2,0,1
BRDA:48,2,1,1
BRF:6
BRH:6
end_of_record
TN:
SF:src/handlers/profileHandler.js
FN:14,(anonymous_0)
FNF:1
FNH:1
FNDA:2,(anonymous_0)
DA:2,1
DA:5,1
DA:14,1
DA:15,2
DA:17,2
DA:19,2
DA:20,1
DA:21,1
DA:25,2
DA:28,2
DA:29,2
DA:39,2
DA:40,2
DA:41,2
DA:42,2
DA:43,2
DA:46,2
DA:47,2
DA:48,2
DA:50,2
DA:51,2
DA:52,2
DA:54,2
DA:55,2
DA:56,2
DA:58,2
DA:59,2
DA:60,2
DA:62,2
DA:63,2
DA:64,2
DA:66,2
DA:67,2
DA:68,2
DA:70,2
DA:71,2
DA:74,2
DA:75,2
DA:77,0
DA:78,0
LF:40
LH:38
BRDA:19,0,0,1
BRDA:19,0,1,1
BRDA:28,1,0,2
BRDA:28,1,1,0
BRDA:46,2,0,2
BRDA:46,2,1,0
BRDA:50,3,0,2
BRDA:50,3,1,0
BRDA:54,4,0,2
BRDA:54,4,1,0
BRDA:58,5,0,2
BRDA:58,5,1,0
BRDA:62,6,0,2
BRDA:62,6,1,0
BRDA:66,7,0,2
BRDA:66,7,1,0
BRF:16
BRH:9
end_of_record
TN:
SF:src/handlers/quotesHandler.js
FN:4,(anonymous_0)
FN:16,(anonymous_1)
FNF:2
FNH:2
FNDA:1,(anonymous_0)
FNDA:2,(anonymous_1)
DA:2,1
DA:4,1
DA:6,1
DA:9,1
DA:12,1
DA:13,1
DA:16,1
DA:18,2
DA:19,2
LF:9
LH:9
BRF:0
BRH:0
end_of_record
